<?xml version="1.0" encoding="UTF-8"?>
<coverage generated="1733142488569" clover="3.2.0">
  <project timestamp="1733142488570" name="All files">
    <metrics statements="87" coveredstatements="85" conditionals="24" coveredconditionals="21" methods="17" coveredmethods="16" elements="128" coveredelements="122" complexity="0" loc="87" ncloc="87" packages="1" files="3" classes="3"/>
    <file name="index.ts" path="/Users/paul/dev/paullecam/be-maps-search 2/src/index.ts">
      <metrics statements="2" coveredstatements="2" conditionals="0" coveredconditionals="0" methods="1" coveredmethods="1"/>
      <line num="20" count="2" type="stmt"/>
      <line num="21" count="2" type="stmt"/>
    </file>
    <file name="maps-api.ts" path="/Users/paul/dev/paullecam/be-maps-search 2/src/maps-api.ts">
      <metrics statements="56" coveredstatements="54" conditionals="24" coveredconditionals="21" methods="15" coveredmethods="14"/>
      <line num="7" count="2" type="stmt"/>
      <line num="10" count="2" type="stmt"/>
      <line num="13" count="2" type="stmt"/>
      <line num="16" count="2" type="stmt"/>
      <line num="21" count="5" type="stmt"/>
      <line num="44" count="16" type="cond" truecount="2" falsecount="0"/>
      <line num="45" count="16" type="cond" truecount="2" falsecount="0"/>
      <line num="46" count="1" type="stmt"/>
      <line num="48" count="15" type="stmt"/>
      <line num="71" count="215" type="stmt"/>
      <line num="72" count="215" type="stmt"/>
      <line num="94" count="20" type="stmt"/>
      <line num="95" count="20" type="stmt"/>
      <line num="96" count="20" type="stmt"/>
      <line num="101" count="12" type="stmt"/>
      <line num="103" count="9" type="cond" truecount="2" falsecount="0"/>
      <line num="105" count="1" type="stmt"/>
      <line num="109" count="8" type="stmt"/>
      <line num="110" count="8" type="cond" truecount="2" falsecount="0"/>
      <line num="112" count="5" type="stmt"/>
      <line num="115" count="3" type="stmt"/>
      <line num="135" count="6" type="stmt"/>
      <line num="136" count="6" type="stmt"/>
      <line num="137" count="6" type="stmt"/>
      <line num="140" count="6" type="stmt"/>
      <line num="151" count="5" type="cond" truecount="2" falsecount="0"/>
      <line num="152" count="5" type="stmt"/>
      <line num="157" count="5" type="stmt"/>
      <line num="165" count="9" type="stmt"/>
      <line num="167" count="9" type="cond" truecount="2" falsecount="0"/>
      <line num="168" count="6" type="stmt"/>
      <line num="172" count="3" type="stmt"/>
      <line num="173" count="3" type="stmt"/>
      <line num="174" count="3" type="stmt"/>
      <line num="179" count="1" type="stmt"/>
      <line num="180" count="0" type="stmt"/>
      <line num="182" count="1" type="stmt"/>
      <line num="192" count="6" type="stmt"/>
      <line num="193" count="6" type="stmt"/>
      <line num="195" count="4" type="cond" truecount="2" falsecount="0"/>
      <line num="196" count="3" type="stmt"/>
      <line num="197" count="3" type="stmt"/>
      <line num="198" count="3" type="stmt"/>
      <line num="201" count="1" type="stmt"/>
      <line num="208" count="3" type="cond" truecount="1" falsecount="1"/>
      <line num="210" count="3" type="stmt"/>
      <line num="212" count="3" type="stmt"/>
      <line num="213" count="3" type="stmt"/>
      <line num="215" count="3" type="cond" truecount="1" falsecount="1"/>
      <line num="216" count="3" type="stmt"/>
      <line num="220" count="6" type="stmt"/>
      <line num="221" count="6" type="stmt"/>
      <line num="226" count="5" type="stmt"/>
      <line num="228" count="1" type="stmt"/>
      <line num="233" count="3" type="stmt"/>
      <line num="237" count="0" type="stmt"/>
    </file>
    <file name="schema.ts" path="/Users/paul/dev/paullecam/be-maps-search 2/src/schema.ts">
      <metrics statements="29" coveredstatements="29" conditionals="0" coveredconditionals="0" methods="1" coveredmethods="1"/>
      <line num="3" count="2" type="stmt"/>
      <line num="9" count="2" type="stmt"/>
      <line num="16" count="2" type="stmt"/>
      <line num="40" count="2" type="stmt"/>
      <line num="53" count="2" type="stmt"/>
      <line num="58" count="2" type="stmt"/>
      <line num="64" count="2" type="stmt"/>
      <line num="71" count="2" type="stmt"/>
      <line num="77" count="2" type="stmt"/>
      <line num="83" count="2" type="stmt"/>
      <line num="89" count="2" type="stmt"/>
      <line num="94" count="2" type="stmt"/>
      <line num="99" count="2" type="stmt"/>
      <line num="112" count="2" type="stmt"/>
      <line num="135" count="2" type="stmt"/>
      <line num="144" count="2" type="stmt"/>
      <line num="150" count="2" type="stmt"/>
      <line num="157" count="2" type="stmt"/>
      <line num="165" count="2" type="stmt"/>
      <line num="173" count="2" type="stmt"/>
      <line num="178" count="2" type="stmt"/>
      <line num="183" count="2" type="stmt"/>
      <line num="188" count="2" type="stmt"/>
      <line num="193" count="2" type="stmt"/>
      <line num="199" count="2" type="stmt"/>
      <line num="207" count="2" type="stmt"/>
      <line num="224" count="2" type="stmt"/>
      <line num="260" count="2" type="stmt"/>
      <line num="268" count="12" type="stmt"/>
    </file>
  </project>
</coverage>
