{"/Users/paul/dev/paullecam/be-maps-search 2/src/index.ts": {"path":"/Users/paul/dev/paullecam/be-maps-search 2/src/index.ts","statementMap":{"0":{"start":{"line":20,"column":16},"end":{"line":20,"column":27}},"1":{"start":{"line":21,"column":1},"end":{"line":21,"column":63}}},"fnMap":{"0":{"name":"getAutoCompleteDetails","decl":{"start":{"line":15,"column":22},"end":{"line":15,"column":44}},"loc":{"start":{"line":18,"column":38},"end":{"line":22,"column":1}},"line":18}},"branchMap":{},"s":{"0":2,"1":2},"f":{"0":2},"b":{},"_coverageSchema":"1a1c01bbd47fc00a2c39e90264f33305004495a9","hash":"99cd5319cab85436e3fb051380a9307bd9ccfb25"}
,"/Users/paul/dev/paullecam/be-maps-search 2/src/maps-api.ts": {"path":"/Users/paul/dev/paullecam/be-maps-search 2/src/maps-api.ts","statementMap":{"0":{"start":{"line":7,"column":19},"end":{"line":7,"column":59}},"1":{"start":{"line":10,"column":21},"end":{"line":10,"column":34}},"2":{"start":{"line":13,"column":18},"end":{"line":13,"column":21}},"3":{"start":{"line":16,"column":19},"end":{"line":16,"column":23}},"4":{"start":{"line":21,"column":2},"end":{"line":21,"column":29}},"5":{"start":{"line":44,"column":13},"end":{"line":44,"column":57}},"6":{"start":{"line":45,"column":1},"end":{"line":47,"column":2}},"7":{"start":{"line":46,"column":2},"end":{"line":46,"column":76}},"8":{"start":{"line":48,"column":1},"end":{"line":55,"column":3}},"9":{"start":{"line":71,"column":25},"end":{"line":71,"column":31}},"10":{"start":{"line":72,"column":1},"end":{"line":79,"column":3}},"11":{"start":{"line":94,"column":15},"end":{"line":94,"column":42}},"12":{"start":{"line":95,"column":1},"end":{"line":116,"column":2}},"13":{"start":{"line":96,"column":14},"end":{"line":99,"column":4}},"14":{"start":{"line":101,"column":2},"end":{"line":101,"column":67}},"15":{"start":{"line":103,"column":2},"end":{"line":106,"column":3}},"16":{"start":{"line":105,"column":3},"end":{"line":105,"column":13}},"17":{"start":{"line":109,"column":16},"end":{"line":109,"column":33}},"18":{"start":{"line":110,"column":2},"end":{"line":113,"column":3}},"19":{"start":{"line":112,"column":3},"end":{"line":112,"column":36}},"20":{"start":{"line":115,"column":2},"end":{"line":115,"column":14}},"21":{"start":{"line":135,"column":17},"end":{"line":138,"column":3}},"22":{"start":{"line":136,"column":2},"end":{"line":136,"column":16}},"23":{"start":{"line":137,"column":2},"end":{"line":137,"column":15}},"24":{"start":{"line":140,"column":1},"end":{"line":140,"column":55}},"25":{"start":{"line":151,"column":2},"end":{"line":151,"column":44}},"26":{"start":{"line":152,"column":2},"end":{"line":152,"column":36}},"27":{"start":{"line":157,"column":2},"end":{"line":157,"column":21}},"28":{"start":{"line":165,"column":16},"end":{"line":165,"column":27}},"29":{"start":{"line":167,"column":2},"end":{"line":169,"column":3}},"30":{"start":{"line":168,"column":3},"end":{"line":168,"column":50}},"31":{"start":{"line":172,"column":18},"end":{"line":172,"column":55}},"32":{"start":{"line":173,"column":2},"end":{"line":173,"column":22}},"33":{"start":{"line":174,"column":2},"end":{"line":174,"column":25}},"34":{"start":{"line":179,"column":2},"end":{"line":181,"column":5}},"35":{"start":{"line":180,"column":3},"end":{"line":180,"column":43}},"36":{"start":{"line":182,"column":2},"end":{"line":182,"column":30}},"37":{"start":{"line":192,"column":2},"end":{"line":202,"column":3}},"38":{"start":{"line":193,"column":3},"end":{"line":193,"column":71}},"39":{"start":{"line":195,"column":3},"end":{"line":199,"column":4}},"40":{"start":{"line":196,"column":20},"end":{"line":196,"column":57}},"41":{"start":{"line":197,"column":4},"end":{"line":197,"column":31}},"42":{"start":{"line":198,"column":4},"end":{"line":198,"column":27}},"43":{"start":{"line":201,"column":3},"end":{"line":201,"column":13}},"44":{"start":{"line":208,"column":2},"end":{"line":238,"column":3}},"45":{"start":{"line":210,"column":3},"end":{"line":210,"column":27}},"46":{"start":{"line":212,"column":3},"end":{"line":235,"column":19}},"47":{"start":{"line":213,"column":18},"end":{"line":213,"column":29}},"48":{"start":{"line":215,"column":4},"end":{"line":234,"column":5}},"49":{"start":{"line":216,"column":5},"end":{"line":231,"column":7}},"50":{"start":{"line":220,"column":7},"end":{"line":229,"column":8}},"51":{"start":{"line":221,"column":24},"end":{"line":225,"column":9}},"52":{"start":{"line":226,"column":8},"end":{"line":226,"column":29}},"53":{"start":{"line":228,"column":8},"end":{"line":228,"column":24}},"54":{"start":{"line":233,"column":5},"end":{"line":233,"column":29}},"55":{"start":{"line":237,"column":3},"end":{"line":237,"column":29}}},"fnMap":{"0":{"name":"(anonymous_0)","decl":{"start":{"line":20,"column":1},"end":{"line":20,"column":2}},"loc":{"start":{"line":20,"column":15},"end":{"line":22,"column":2}},"line":20},"1":{"name":"getParams","decl":{"start":{"line":41,"column":16},"end":{"line":41,"column":25}},"loc":{"start":{"line":43,"column":22},"end":{"line":56,"column":1}},"line":43},"2":{"name":"toAutoCompleteResult","decl":{"start":{"line":70,"column":16},"end":{"line":70,"column":36}},"loc":{"start":{"line":70,"column":79},"end":{"line":80,"column":1}},"line":70},"3":{"name":"getAutoCompleteResults","decl":{"start":{"line":88,"column":22},"end":{"line":88,"column":44}},"loc":{"start":{"line":92,"column":38},"end":{"line":117,"column":1}},"line":92},"4":{"name":"createQueuedRequest","decl":{"start":{"line":129,"column":9},"end":{"line":129,"column":28}},"loc":{"start":{"line":132,"column":17},"end":{"line":141,"column":1}},"line":132},"5":{"name":"(anonymous_5)","decl":{"start":{"line":135,"column":56},"end":{"line":135,"column":57}},"loc":{"start":{"line":135,"column":70},"end":{"line":138,"column":2}},"line":135},"6":{"name":"(anonymous_6)","decl":{"start":{"line":150,"column":1},"end":{"line":150,"column":2}},"loc":{"start":{"line":150,"column":47},"end":{"line":153,"column":2}},"line":150},"7":{"name":"(anonymous_7)","decl":{"start":{"line":156,"column":1},"end":{"line":156,"column":2}},"loc":{"start":{"line":156,"column":47},"end":{"line":158,"column":2}},"line":156},"8":{"name":"(anonymous_8)","decl":{"start":{"line":161,"column":1},"end":{"line":161,"column":2}},"loc":{"start":{"line":164,"column":39},"end":{"line":175,"column":2}},"line":164},"9":{"name":"(anonymous_9)","decl":{"start":{"line":178,"column":1},"end":{"line":178,"column":2}},"loc":{"start":{"line":178,"column":11},"end":{"line":183,"column":2}},"line":178},"10":{"name":"(anonymous_10)","decl":{"start":{"line":179,"column":19},"end":{"line":179,"column":20}},"loc":{"start":{"line":179,"column":28},"end":{"line":181,"column":3}},"line":179},"11":{"name":"(anonymous_11)","decl":{"start":{"line":188,"column":1},"end":{"line":188,"column":2}},"loc":{"start":{"line":191,"column":39},"end":{"line":203,"column":2}},"line":191},"12":{"name":"(anonymous_12)","decl":{"start":{"line":207,"column":1},"end":{"line":207,"column":2}},"loc":{"start":{"line":207,"column":44},"end":{"line":239,"column":2}},"line":207},"13":{"name":"(anonymous_13)","decl":{"start":{"line":212,"column":30},"end":{"line":212,"column":31}},"loc":{"start":{"line":212,"column":36},"end":{"line":235,"column":4}},"line":212},"14":{"name":"(anonymous_14)","decl":{"start":{"line":217,"column":16},"end":{"line":217,"column":17}},"loc":{"start":{"line":217,"column":31},"end":{"line":230,"column":7}},"line":217}},"branchMap":{"0":{"loc":{"start":{"line":42,"column":1},"end":{"line":42,"column":33}},"type":"default-arg","locations":[{"start":{"line":42,"column":31},"end":{"line":42,"column":33}}],"line":42},"1":{"loc":{"start":{"line":44,"column":13},"end":{"line":44,"column":57}},"type":"binary-expr","locations":[{"start":{"line":44,"column":13},"end":{"line":44,"column":27}},{"start":{"line":44,"column":31},"end":{"line":44,"column":57}}],"line":44},"2":{"loc":{"start":{"line":45,"column":1},"end":{"line":47,"column":2}},"type":"if","locations":[{"start":{"line":45,"column":1},"end":{"line":47,"column":2}},{"start":{},"end":{}}],"line":45},"3":{"loc":{"start":{"line":52,"column":3},"end":{"line":54,"column":53}},"type":"cond-expr","locations":[{"start":{"line":53,"column":6},"end":{"line":53,"column":15}},{"start":{"line":54,"column":6},"end":{"line":54,"column":53}}],"line":52},"4":{"loc":{"start":{"line":91,"column":1},"end":{"line":91,"column":34}},"type":"default-arg","locations":[{"start":{"line":91,"column":32},"end":{"line":91,"column":34}}],"line":91},"5":{"loc":{"start":{"line":103,"column":2},"end":{"line":106,"column":3}},"type":"if","locations":[{"start":{"line":103,"column":2},"end":{"line":106,"column":3}},{"start":{},"end":{}}],"line":103},"6":{"loc":{"start":{"line":110,"column":2},"end":{"line":113,"column":3}},"type":"if","locations":[{"start":{"line":110,"column":2},"end":{"line":113,"column":3}},{"start":{},"end":{}}],"line":110},"7":{"loc":{"start":{"line":150,"column":13},"end":{"line":150,"column":45}},"type":"default-arg","locations":[{"start":{"line":150,"column":43},"end":{"line":150,"column":45}}],"line":150},"8":{"loc":{"start":{"line":151,"column":16},"end":{"line":151,"column":43}},"type":"binary-expr","locations":[{"start":{"line":151,"column":16},"end":{"line":151,"column":29}},{"start":{"line":151,"column":33},"end":{"line":151,"column":43}}],"line":151},"9":{"loc":{"start":{"line":163,"column":2},"end":{"line":163,"column":35}},"type":"default-arg","locations":[{"start":{"line":163,"column":33},"end":{"line":163,"column":35}}],"line":163},"10":{"loc":{"start":{"line":167,"column":2},"end":{"line":169,"column":3}},"type":"if","locations":[{"start":{"line":167,"column":2},"end":{"line":169,"column":3}},{"start":{},"end":{}}],"line":167},"11":{"loc":{"start":{"line":195,"column":3},"end":{"line":199,"column":4}},"type":"if","locations":[{"start":{"line":195,"column":3},"end":{"line":199,"column":4}},{"start":{},"end":{}}],"line":195},"12":{"loc":{"start":{"line":208,"column":2},"end":{"line":238,"column":3}},"type":"if","locations":[{"start":{"line":208,"column":2},"end":{"line":238,"column":3}},{"start":{"line":236,"column":9},"end":{"line":238,"column":3}}],"line":208},"13":{"loc":{"start":{"line":215,"column":4},"end":{"line":234,"column":5}},"type":"if","locations":[{"start":{"line":215,"column":4},"end":{"line":234,"column":5}},{"start":{},"end":{}}],"line":215}},"s":{"0":2,"1":2,"2":2,"3":2,"4":5,"5":16,"6":16,"7":1,"8":15,"9":215,"10":215,"11":20,"12":20,"13":20,"14":12,"15":9,"16":1,"17":8,"18":8,"19":5,"20":3,"21":6,"22":6,"23":6,"24":6,"25":5,"26":5,"27":5,"28":9,"29":9,"30":6,"31":3,"32":3,"33":3,"34":1,"35":0,"36":1,"37":6,"38":6,"39":4,"40":3,"41":3,"42":3,"43":1,"44":3,"45":3,"46":3,"47":3,"48":3,"49":3,"50":6,"51":6,"52":5,"53":1,"54":3,"55":0},"f":{"0":5,"1":16,"2":215,"3":20,"4":6,"5":6,"6":5,"7":5,"8":9,"9":1,"10":0,"11":6,"12":3,"13":3,"14":6},"b":{"0":[2],"1":[16,5],"2":[1,15],"3":[12,3],"4":[8],"5":[1,8],"6":[5,3],"7":[0],"8":[5,1],"9":[9],"10":[6,3],"11":[3,1],"12":[3,0],"13":[3,0]},"_coverageSchema":"1a1c01bbd47fc00a2c39e90264f33305004495a9","hash":"bce740a62798d9a1f6471aeed5b55be77e95322a"}
,"/Users/paul/dev/paullecam/be-maps-search 2/src/schema.ts": {"path":"/Users/paul/dev/paullecam/be-maps-search 2/src/schema.ts","statementMap":{"0":{"start":{"line":3,"column":22},"end":{"line":6,"column":1}},"1":{"start":{"line":9,"column":21},"end":{"line":12,"column":2}},"2":{"start":{"line":16,"column":26},"end":{"line":37,"column":2}},"3":{"start":{"line":40,"column":22},"end":{"line":50,"column":2}},"4":{"start":{"line":53,"column":20},"end":{"line":55,"column":2}},"5":{"start":{"line":58,"column":26},"end":{"line":60,"column":2}},"6":{"start":{"line":64,"column":19},"end":{"line":68,"column":2}},"7":{"start":{"line":71,"column":24},"end":{"line":74,"column":2}},"8":{"start":{"line":77,"column":27},"end":{"line":80,"column":2}},"9":{"start":{"line":83,"column":20},"end":{"line":86,"column":2}},"10":{"start":{"line":89,"column":29},"end":{"line":92,"column":2}},"11":{"start":{"line":94,"column":23},"end":{"line":96,"column":2}},"12":{"start":{"line":99,"column":18},"end":{"line":109,"column":2}},"13":{"start":{"line":112,"column":22},"end":{"line":132,"column":2}},"14":{"start":{"line":135,"column":22},"end":{"line":140,"column":2}},"15":{"start":{"line":144,"column":23},"end":{"line":147,"column":2}},"16":{"start":{"line":150,"column":25},"end":{"line":154,"column":2}},"17":{"start":{"line":157,"column":28},"end":{"line":162,"column":2}},"18":{"start":{"line":165,"column":24},"end":{"line":170,"column":2}},"19":{"start":{"line":173,"column":27},"end":{"line":175,"column":2}},"20":{"start":{"line":178,"column":35},"end":{"line":180,"column":2}},"21":{"start":{"line":183,"column":34},"end":{"line":185,"column":2}},"22":{"start":{"line":188,"column":24},"end":{"line":190,"column":2}},"23":{"start":{"line":193,"column":23},"end":{"line":196,"column":2}},"24":{"start":{"line":199,"column":25},"end":{"line":204,"column":2}},"25":{"start":{"line":207,"column":27},"end":{"line":221,"column":2}},"26":{"start":{"line":224,"column":21},"end":{"line":255,"column":2}},"27":{"start":{"line":260,"column":30},"end":{"line":263,"column":2}},"28":{"start":{"line":268,"column":1},"end":{"line":268,"column":38}}},"fnMap":{"0":{"name":"parseResponse","decl":{"start":{"line":267,"column":16},"end":{"line":267,"column":29}},"loc":{"start":{"line":267,"column":61},"end":{"line":269,"column":1}},"line":267}},"branchMap":{},"s":{"0":2,"1":2,"2":2,"3":2,"4":2,"5":2,"6":2,"7":2,"8":2,"9":2,"10":2,"11":2,"12":2,"13":2,"14":2,"15":2,"16":2,"17":2,"18":2,"19":2,"20":2,"21":2,"22":2,"23":2,"24":2,"25":2,"26":2,"27":2,"28":12},"f":{"0":12},"b":{},"_coverageSchema":"1a1c01bbd47fc00a2c39e90264f33305004495a9","hash":"ea59dc9a0c6e906f19b5fbfa562c86a66b7fd5f6"}
}
