TN:
SF:src/index.ts
FN:15,getAutoCompleteDetails
FNF:1
FNH:1
FNDA:2,getAutoCompleteDetails
DA:20,2
DA:21,2
LF:2
LH:2
BRF:0
BRH:0
end_of_record
TN:
SF:src/maps-api.ts
FN:20,(anonymous_0)
FN:41,getParams
FN:70,toAutoCompleteResult
FN:88,getAutoCompleteResults
FN:129,createQueuedRequest
FN:135,(anonymous_5)
FN:150,(anonymous_6)
FN:156,(anonymous_7)
FN:161,(anonymous_8)
FN:178,(anonymous_9)
FN:179,(anonymous_10)
FN:188,(anonymous_11)
FN:207,(anonymous_12)
FN:212,(anonymous_13)
FN:217,(anonymous_14)
FNF:15
FNH:14
FNDA:5,(anonymous_0)
FNDA:16,getParams
FNDA:215,toAutoCompleteResult
FNDA:20,getAutoCompleteResults
FNDA:6,createQueuedRequest
FNDA:6,(anonymous_5)
FNDA:5,(anonymous_6)
FNDA:5,(anonymous_7)
FNDA:9,(anonymous_8)
FNDA:1,(anonymous_9)
FNDA:0,(anonymous_10)
FNDA:6,(anonymous_11)
FNDA:3,(anonymous_12)
FNDA:3,(anonymous_13)
FNDA:6,(anonymous_14)
DA:7,2
DA:10,2
DA:13,2
DA:16,2
DA:21,5
DA:44,16
DA:45,16
DA:46,1
DA:48,15
DA:71,215
DA:72,215
DA:94,20
DA:95,20
DA:96,20
DA:101,12
DA:103,9
DA:105,1
DA:109,8
DA:110,8
DA:112,5
DA:115,3
DA:135,6
DA:136,6
DA:137,6
DA:140,6
DA:151,5
DA:152,5
DA:157,5
DA:165,9
DA:167,9
DA:168,6
DA:172,3
DA:173,3
DA:174,3
DA:179,1
DA:180,0
DA:182,1
DA:192,6
DA:193,6
DA:195,4
DA:196,3
DA:197,3
DA:198,3
DA:201,1
DA:208,3
DA:210,3
DA:212,3
DA:213,3
DA:215,3
DA:216,3
DA:220,6
DA:221,6
DA:226,5
DA:228,1
DA:233,3
DA:237,0
LF:56
LH:54
BRDA:42,0,0,2
BRDA:44,1,0,16
BRDA:44,1,1,5
BRDA:45,2,0,1
BRDA:45,2,1,15
BRDA:52,3,0,12
BRDA:52,3,1,3
BRDA:91,4,0,8
BRDA:103,5,0,1
BRDA:103,5,1,8
BRDA:110,6,0,5
BRDA:110,6,1,3
BRDA:150,7,0,0
BRDA:151,8,0,5
BRDA:151,8,1,1
BRDA:163,9,0,9
BRDA:167,10,0,6
BRDA:167,10,1,3
BRDA:195,11,0,3
BRDA:195,11,1,1
BRDA:208,12,0,3
BRDA:208,12,1,0
BRDA:215,13,0,3
BRDA:215,13,1,0
BRF:24
BRH:21
end_of_record
TN:
SF:src/schema.ts
FN:267,parseResponse
FNF:1
FNH:1
FNDA:12,parseResponse
DA:3,2
DA:9,2
DA:16,2
DA:40,2
DA:53,2
DA:58,2
DA:64,2
DA:71,2
DA:77,2
DA:83,2
DA:89,2
DA:94,2
DA:99,2
DA:112,2
DA:135,2
DA:144,2
DA:150,2
DA:157,2
DA:165,2
DA:173,2
DA:178,2
DA:183,2
DA:188,2
DA:193,2
DA:199,2
DA:207,2
DA:224,2
DA:260,2
DA:268,12
LF:29
LH:29
BRF:0
BRH:0
end_of_record
